2020-10-18 22:26:30|Config file in use: /mnt/data/git/Sensoriando/sensoriando.conf
2020-10-18 22:26:30|Database: sensoriando | Host: localhost | Port: 5432 | Username: postgres | Password: masterkey
2020-10-18 22:26:31|Create database... 
2020-10-18 22:26:31|Creating tables from /mnt/data/git/Sensoriando/db/tables.sql OK
2020-10-18 22:26:31|Creating views from /mnt/data/git/Sensoriando/db/views.sql OK
2020-10-18 22:26:31|Insert records from /mnt/data/git/Sensoriando/db/inserts.sql: OK
2020-10-18 22:26:31|Creating procedures from /mnt/data/git/Sensoriando/db/procedures.sql OK
2020-10-18 22:26:31|Creating functions from /mnt/data/git/Sensoriando/db/functions.sql OK
2020-10-18 22:26:31|Creating triggers from /mnt/data/git/Sensoriando/db/triggers.sql OK
2020-10-18 22:27:31|Config file in use: /mnt/data/git/Sensoriando/sensoriando.conf
2020-10-18 22:27:31|Database: sensoriando | Host: localhost | Port: 5432 | Username: postgres | Password: masterkey
2020-10-18 22:27:31|Create database... 
2020-10-18 22:27:31|Creating tables from /mnt/data/git/Sensoriando/db/tables.sql OK
2020-10-18 22:27:31|Creating views from /mnt/data/git/Sensoriando/db/views.sql OK
2020-10-18 22:27:31|Insert records from /mnt/data/git/Sensoriando/db/inserts.sql: OK
2020-10-18 22:27:31|Creating procedures from /mnt/data/git/Sensoriando/db/procedures.sql OK
2020-10-18 22:27:31|Creating functions from /mnt/data/git/Sensoriando/db/functions.sql OK
2020-10-18 22:27:31|Creating triggers from /mnt/data/git/Sensoriando/db/triggers.sql OK
2020-10-18 23:21:13|Config file in use: /mnt/data/git/Sensoriando/sensoriando.conf
2020-10-18 23:21:13|Database: sensoriando | Host: localhost | Port: 5432 | Username: postgres | Password: masterkey
2020-10-18 23:21:13|Create database... 
2020-10-18 23:21:13|Creating tables from /mnt/data/git/Sensoriando/db/tables.sql OK
2020-10-18 23:21:13|Creating views from /mnt/data/git/Sensoriando/db/views.sql OK
2020-10-18 23:21:13|Insert records from /mnt/data/git/Sensoriando/db/inserts.sql: OK
2020-10-18 23:21:13|Creating procedures from /mnt/data/git/Sensoriando/db/procedures.sql OK
2020-10-18 23:21:13|Creating functions from /mnt/data/git/Sensoriando/db/functions.sql OK
2020-10-18 23:21:13|Creating triggers from /mnt/data/git/Sensoriando/db/triggers.sql OK
2020-10-19 22:57:19|Config file in use: /mnt/data/git/Sensoriando/sensoriando.conf
2020-10-19 22:57:20|Database: sensoriando | Host: localhost | Port: 5432 | Username: postgres | Password: masterkey
2020-10-19 22:57:20|Create database... 
2020-10-19 22:57:20|Creating tables from /mnt/data/git/Sensoriando/db/tables.sql OK
2020-10-19 22:57:20|Creating views from /mnt/data/git/Sensoriando/db/views.sql OK
2020-10-19 22:57:20|Insert records from /mnt/data/git/Sensoriando/db/inserts.sql: OK
2020-10-19 22:57:20|Creating procedures from /mnt/data/git/Sensoriando/db/procedures.sql OK
2020-10-19 22:57:20|Creating functions from /mnt/data/git/Sensoriando/db/functions.sql OK
2020-10-19 22:57:20|Creating triggers from /mnt/data/git/Sensoriando/db/triggers.sql OK
2020-10-19 23:02:31|Config file in use: /mnt/data/git/Sensoriando/sensoriando.conf
2020-10-19 23:02:31|Database: sensoriando | Host: localhost | Port: 5432 | Username: postgres | Password: masterkey
2020-10-19 23:03:22|Config file in use: /mnt/data/git/Sensoriando/sensoriando.conf
2020-10-19 23:03:22|Database: sensoriando | Host: localhost | Port: 5432 | Username: postgres | Password: masterkey
2020-10-19 23:03:25|Config file in use: /mnt/data/git/Sensoriando/sensoriando.conf
2020-10-19 23:03:25|Database: sensoriando | Host: localhost | Port: 5432 | Username: postgres | Password: masterkey
2020-10-19 23:05:39|Config file in use: /mnt/data/git/Sensoriando/sensoriando.conf
2020-10-19 23:05:39|Database: sensoriando | Host: localhost | Port: 5432 | Username: postgres | Password: masterkey
2020-10-19 23:11:28|Config file in use: /mnt/data/git/Sensoriando/sensoriando.conf
2020-10-19 23:11:28|Database: sensoriando | Host: localhost | Port: 5432 | Username: postgres | Password: masterkey
2020-10-19 23:11:29|Config file in use: /mnt/data/git/Sensoriando/sensoriando.conf
2020-10-19 23:11:29|Database: sensoriando | Host: localhost | Port: 5432 | Username: postgres | Password: masterkey
2020-10-19 23:11:30|Config file in use: /mnt/data/git/Sensoriando/sensoriando.conf
2020-10-19 23:11:30|Database: sensoriando | Host: localhost | Port: 5432 | Username: postgres | Password: masterkey
2020-10-19 23:11:31|Config file in use: /mnt/data/git/Sensoriando/sensoriando.conf
2020-10-19 23:11:31|Database: sensoriando | Host: localhost | Port: 5432 | Username: postgres | Password: masterkey
2020-10-19 23:11:32|Config file in use: /mnt/data/git/Sensoriando/sensoriando.conf
2020-10-19 23:11:32|Database: sensoriando | Host: localhost | Port: 5432 | Username: postgres | Password: masterkey
2020-10-19 23:11:32|Config file in use: /mnt/data/git/Sensoriando/sensoriando.conf
2020-10-19 23:11:32|Database: sensoriando | Host: localhost | Port: 5432 | Username: postgres | Password: masterkey
2020-10-21 21:40:11|Config file in use: /mnt/data/git/Sensoriando/sensoriando.conf
2020-10-21 21:40:11|Database: sensoriando | Host: localhost | Port: 5432 | Username: postgres | Password: masterkey
2020-10-21 21:40:17|Config file in use: /mnt/data/git/Sensoriando/sensoriando.conf
2020-10-21 21:40:17|Database: sensoriando | Host: localhost | Port: 5432 | Username: postgres | Password: masterkey
2020-10-21 21:40:17|Config file in use: /mnt/data/git/Sensoriando/sensoriando.conf
2020-10-21 21:40:18|Database: sensoriando | Host: localhost | Port: 5432 | Username: postgres | Password: masterkey
2020-10-21 21:40:18|Config file in use: /mnt/data/git/Sensoriando/sensoriando.conf
2020-10-21 21:40:18|Database: sensoriando | Host: localhost | Port: 5432 | Username: postgres | Password: masterkey
2020-10-21 21:40:19|Config file in use: /mnt/data/git/Sensoriando/sensoriando.conf
2020-10-21 21:40:19|Database: sensoriando | Host: localhost | Port: 5432 | Username: postgres | Password: masterkey
2020-10-21 21:40:19|Config file in use: /mnt/data/git/Sensoriando/sensoriando.conf
2020-10-21 21:40:19|Database: sensoriando | Host: localhost | Port: 5432 | Username: postgres | Password: masterkey
2020-10-21 21:40:20|Config file in use: /mnt/data/git/Sensoriando/sensoriando.conf
2020-10-21 21:40:20|Database: sensoriando | Host: localhost | Port: 5432 | Username: postgres | Password: masterkey
2020-10-21 21:40:21|Config file in use: /mnt/data/git/Sensoriando/sensoriando.conf
2020-10-21 21:40:21|Database: sensoriando | Host: localhost | Port: 5432 | Username: postgres | Password: masterkey
2020-10-21 21:52:06|Config file in use: /mnt/data/git/Sensoriando/sensoriando.conf
2020-10-21 21:52:06|Database: sensoriando | Host: localhost | Port: 5432 | Username: postgres | Password: masterkey
2020-10-21 21:52:11|Config file in use: /mnt/data/git/Sensoriando/sensoriando.conf
2020-10-21 21:52:11|Database: sensoriando | Host: localhost | Port: 5432 | Username: postgres | Password: masterkey
2020-10-21 21:52:12|Config file in use: /mnt/data/git/Sensoriando/sensoriando.conf
2020-10-21 21:52:12|Database: sensoriando | Host: localhost | Port: 5432 | Username: postgres | Password: masterkey
2020-10-21 21:52:12|Config file in use: /mnt/data/git/Sensoriando/sensoriando.conf
2020-10-21 21:52:12|Database: sensoriando | Host: localhost | Port: 5432 | Username: postgres | Password: masterkey
2020-10-21 21:52:15|Config file in use: /mnt/data/git/Sensoriando/sensoriando.conf
2020-10-21 21:52:15|Database: sensoriando | Host: localhost | Port: 5432 | Username: postgres | Password: masterkey
2020-10-21 21:52:16|Config file in use: /mnt/data/git/Sensoriando/sensoriando.conf
2020-10-21 21:52:16|Database: sensoriando | Host: localhost | Port: 5432 | Username: postgres | Password: masterkey
2020-10-21 21:52:16|Config file in use: /mnt/data/git/Sensoriando/sensoriando.conf
2020-10-21 21:52:16|Database: sensoriando | Host: localhost | Port: 5432 | Username: postgres | Password: masterkey
2020-10-21 21:52:17|Config file in use: /mnt/data/git/Sensoriando/sensoriando.conf
2020-10-21 21:52:17|Database: sensoriando | Host: localhost | Port: 5432 | Username: postgres | Password: masterkey
2020-10-21 21:52:17|Config file in use: /mnt/data/git/Sensoriando/sensoriando.conf
2020-10-21 21:52:17|Database: sensoriando | Host: localhost | Port: 5432 | Username: postgres | Password: masterkey
2020-10-21 22:13:23|Config file in use: /mnt/data/git/Sensoriando/sensoriando.conf
2020-10-21 22:13:23|Database: sensoriando | Host: localhost | Port: 5432 | Username: postgres | Password: masterkey
2020-10-21 22:13:25|Config file in use: /mnt/data/git/Sensoriando/sensoriando.conf
2020-10-21 22:13:25|Database: sensoriando | Host: localhost | Port: 5432 | Username: postgres | Password: masterkey
2020-10-21 22:13:35|Config file in use: /mnt/data/git/Sensoriando/sensoriando.conf
2020-10-21 22:13:35|Database: sensoriando | Host: localhost | Port: 5432 | Username: postgres | Password: masterkey
2020-10-21 22:13:40|Config file in use: /mnt/data/git/Sensoriando/sensoriando.conf
2020-10-21 22:13:40|Database: sensoriando | Host: localhost | Port: 5432 | Username: postgres | Password: masterkey
2020-10-21 22:14:51|Config file in use: /mnt/data/git/Sensoriando/sensoriando.conf
2020-10-21 22:14:51|Database: sensoriando | Host: localhost | Port: 5432 | Username: postgres | Password: masterkey
2020-10-21 22:14:52|Config file in use: /mnt/data/git/Sensoriando/sensoriando.conf
2020-10-21 22:14:52|Database: sensoriando | Host: localhost | Port: 5432 | Username: postgres | Password: masterkey
2020-10-21 22:14:52|Config file in use: /mnt/data/git/Sensoriando/sensoriando.conf
2020-10-21 22:14:52|Database: sensoriando | Host: localhost | Port: 5432 | Username: postgres | Password: masterkey
2020-10-21 22:14:53|Config file in use: /mnt/data/git/Sensoriando/sensoriando.conf
2020-10-21 22:14:53|Database: sensoriando | Host: localhost | Port: 5432 | Username: postgres | Password: masterkey
2020-10-21 22:14:56|Config file in use: /mnt/data/git/Sensoriando/sensoriando.conf
2020-10-21 22:14:56|Database: sensoriando | Host: localhost | Port: 5432 | Username: postgres | Password: masterkey
2020-10-21 22:14:57|Config file in use: /mnt/data/git/Sensoriando/sensoriando.conf
2020-10-21 22:14:57|Database: sensoriando | Host: localhost | Port: 5432 | Username: postgres | Password: masterkey
2020-10-21 22:14:57|Config file in use: /mnt/data/git/Sensoriando/sensoriando.conf
2020-10-21 22:14:57|Database: sensoriando | Host: localhost | Port: 5432 | Username: postgres | Password: masterkey
2020-10-21 22:14:58|Config file in use: /mnt/data/git/Sensoriando/sensoriando.conf
2020-10-21 22:14:58|Database: sensoriando | Host: localhost | Port: 5432 | Username: postgres | Password: masterkey
2020-10-21 22:15:00|Config file in use: /mnt/data/git/Sensoriando/sensoriando.conf
2020-10-21 22:15:00|Database: sensoriando | Host: localhost | Port: 5432 | Username: postgres | Password: masterkey
2020-10-21 22:15:00|Config file in use: /mnt/data/git/Sensoriando/sensoriando.conf
2020-10-21 22:15:00|Database: sensoriando | Host: localhost | Port: 5432 | Username: postgres | Password: masterkey
2020-10-21 22:15:01|Config file in use: /mnt/data/git/Sensoriando/sensoriando.conf
2020-10-21 22:15:01|Database: sensoriando | Host: localhost | Port: 5432 | Username: postgres | Password: masterkey
2020-10-21 22:15:01|Config file in use: /mnt/data/git/Sensoriando/sensoriando.conf
2020-10-21 22:15:01|Database: sensoriando | Host: localhost | Port: 5432 | Username: postgres | Password: masterkey
2020-10-21 22:15:01|Config file in use: /mnt/data/git/Sensoriando/sensoriando.conf
2020-10-21 22:15:01|Database: sensoriando | Host: localhost | Port: 5432 | Username: postgres | Password: masterkey
2021-03-11 17:01:09|Config file in use: /mnt/data/git/sensoriando/sensoriando.conf
2021-03-11 17:01:09|Database: sensoriando | Host: localhost | Port: 5432 | Username: postgres | Password: 
2021-03-11 17:01:09|Create database... 
2021-03-11 17:01:09|Creating tables from /mnt/data/git/sensoriando/db/tables.sql OK
2021-03-11 17:01:09|Creating views from /mnt/data/git/sensoriando/db/views.sql OK
2021-03-11 17:01:09|Insert records from /mnt/data/git/sensoriando/db/inserts.sql: OK
2021-03-11 17:01:10|Creating procedures from /mnt/data/git/sensoriando/db/procedures.sql OK
2021-03-11 17:01:10|Creating functions from /mnt/data/git/sensoriando/db/functions.sql OK
2021-03-11 17:01:10|Creating triggers from /mnt/data/git/sensoriando/db/triggers.sql OK
2021-03-11 17:01:20|Config file in use: /mnt/data/git/sensoriando/sensoriando.conf
2021-03-11 17:01:20|Database: sensoriando | Host: localhost | Port: 5432 | Username: postgres | Password: 
2021-03-11 17:01:20|Create database... 
2021-03-11 17:01:20|Creating tables from /mnt/data/git/sensoriando/db/tables.sql OK
2021-03-11 17:01:20|Creating views from /mnt/data/git/sensoriando/db/views.sql OK
2021-03-11 17:01:20|Insert records from /mnt/data/git/sensoriando/db/inserts.sql: OK
2021-03-11 17:01:20|Creating procedures from /mnt/data/git/sensoriando/db/procedures.sql OK
2021-03-11 17:01:20|Creating functions from /mnt/data/git/sensoriando/db/functions.sql OK
2021-03-11 17:01:20|Creating triggers from /mnt/data/git/sensoriando/db/triggers.sql OK
2021-03-11 22:35:59|Config file in use: /mnt/data/git/sensoriando/sensoriando.conf
2021-03-11 22:35:59|Database: sensoriando | Host: localhost | Port: 5432 | Username: postgres | Password: 
2021-03-11 22:36:11|Config file in use: /mnt/data/git/sensoriando/sensoriando.conf
2021-03-11 22:36:11|Database: sensoriando | Host: localhost | Port: 5432 | Username: postgres | Password: 
2021-03-11 22:36:22|Config file in use: /mnt/data/git/sensoriando/sensoriando.conf
2021-03-11 22:36:22|Database: sensoriando | Host: localhost | Port: 5432 | Username: postgres | Password: 
2021-03-11 22:38:42|Config file in use: /mnt/data/git/sensoriando/sensoriando.conf
2021-03-11 22:38:42|Database: sensoriando | Host: localhost | Port: 5432 | Username: postgres | Password: 
2021-03-11 22:38:44|Config file in use: /mnt/data/git/sensoriando/sensoriando.conf
2021-03-11 22:38:44|Database: sensoriando | Host: localhost | Port: 5432 | Username: postgres | Password: 
2021-03-11 22:38:49|Config file in use: /mnt/data/git/sensoriando/sensoriando.conf
2021-03-11 22:38:49|Database: sensoriando | Host: localhost | Port: 5432 | Username: postgres | Password: 
2021-03-11 22:39:16|Config file in use: /mnt/data/git/sensoriando/sensoriando.conf
2021-03-11 22:39:16|Database: sensoriando | Host: localhost | Port: 5432 | Username: postgres | Password: 
2021-03-11 22:39:21|Config file in use: /mnt/data/git/sensoriando/sensoriando.conf
2021-03-11 22:39:21|Database: sensoriando | Host: localhost | Port: 5432 | Username: postgres | Password: 
2021-03-11 22:39:21|Config file in use: /mnt/data/git/sensoriando/sensoriando.conf
2021-03-11 22:39:22|Database: sensoriando | Host: localhost | Port: 5432 | Username: postgres | Password: 
2021-03-11 22:39:22|Config file in use: /mnt/data/git/sensoriando/sensoriando.conf
2021-03-11 22:39:22|Database: sensoriando | Host: localhost | Port: 5432 | Username: postgres | Password: 
2021-03-11 22:39:23|Config file in use: /mnt/data/git/sensoriando/sensoriando.conf
2021-03-11 22:39:23|Database: sensoriando | Host: localhost | Port: 5432 | Username: postgres | Password: 
2021-03-11 22:39:24|Config file in use: /mnt/data/git/sensoriando/sensoriando.conf
2021-03-11 22:39:24|Database: sensoriando | Host: localhost | Port: 5432 | Username: postgres | Password: 
2021-03-11 22:39:24|Config file in use: /mnt/data/git/sensoriando/sensoriando.conf
2021-03-11 22:39:24|Database: sensoriando | Host: localhost | Port: 5432 | Username: postgres | Password: 
2021-03-11 22:39:25|Config file in use: /mnt/data/git/sensoriando/sensoriando.conf
2021-03-11 22:39:25|Database: sensoriando | Host: localhost | Port: 5432 | Username: postgres | Password: 
2021-03-11 22:39:26|Config file in use: /mnt/data/git/sensoriando/sensoriando.conf
2021-03-11 22:39:26|Database: sensoriando | Host: localhost | Port: 5432 | Username: postgres | Password: 
2021-03-11 22:39:27|Config file in use: /mnt/data/git/sensoriando/sensoriando.conf
2021-03-11 22:39:27|Database: sensoriando | Host: localhost | Port: 5432 | Username: postgres | Password: 
2021-03-11 22:39:29|Config file in use: /mnt/data/git/sensoriando/sensoriando.conf
2021-03-11 22:39:29|Database: sensoriando | Host: localhost | Port: 5432 | Username: postgres | Password: 
2021-03-11 22:45:53|Config file not found
2021-03-11 22:45:56|Config file not found
2021-03-11 22:46:01|Config file in use: /mnt/data/git/sensoriando/sensoriando-MY.conf
2021-03-11 22:46:01|Database: sensoriando | Host: localhost | Port: 5432 | Username: postgres | Password: masterkey
2021-03-11 22:47:04|Config file not found
2021-03-11 22:47:16|Config file in use: /mnt/data/git/sensoriando/sensoriando-MY.conf
2021-03-11 22:47:16|Database: sensoriando | Host: localhost | Port: 5432 | Username: postgres | Password: masterkey
2021-03-11 22:47:21|Config file in use: /mnt/data/git/sensoriando/sensoriando.conf
2021-03-11 22:47:21|Database: sensoriando | Host: localhost | Port: 5432 | Username: postgres | Password: 
2021-03-11 22:47:43|Config file in use: /mnt/data/git/sensoriando/sensoriando.conf
2021-03-11 22:47:43|Database: sensoriando | Host: localhost | Port: 5432 | Username: postgres | Password: 
2021-03-11 22:47:46|Config file in use: /mnt/data/git/sensoriando/sensoriando-MY.conf
2021-03-11 22:47:46|Database: sensoriando | Host: localhost | Port: 5432 | Username: postgres | Password: masterkey
2021-03-11 22:47:51|Config file in use: /mnt/data/git/sensoriando/sensoriando-MY.conf
2021-03-11 22:47:51|Database: sensoriando | Host: localhost | Port: 5432 | Username: postgres | Password: masterkey
2021-03-11 22:47:52|Config file in use: /mnt/data/git/sensoriando/sensoriando-MY.conf
2021-03-11 22:47:52|Database: sensoriando | Host: localhost | Port: 5432 | Username: postgres | Password: masterkey
2021-03-11 22:47:53|Config file in use: /mnt/data/git/sensoriando/sensoriando-MY.conf
2021-03-11 22:47:53|Database: sensoriando | Host: localhost | Port: 5432 | Username: postgres | Password: masterkey
2021-03-11 22:47:54|Config file in use: /mnt/data/git/sensoriando/sensoriando-MY.conf
2021-03-11 22:47:54|Database: sensoriando | Host: localhost | Port: 5432 | Username: postgres | Password: masterkey
2021-03-11 22:48:26|Config file in use: /mnt/data/git/sensoriando/sensoriando-MY.conf
2021-03-11 22:48:26|Database: sensoriando | Host: localhost | Port: 5432 | Username: postgres | Password: masterkey
2021-03-11 22:52:27|Config file in use: /mnt/data/git/sensoriando/sensoriando-MY.conf
2021-03-11 22:52:27|Database: sensoriando | Host: localhost | Port: 5432 | Username: postgres | Password: masterkey
2021-03-11 22:52:31|Config file in use: /mnt/data/git/sensoriando/sensoriando-MY.conf
2021-03-11 22:52:31|Database: sensoriando | Host: localhost | Port: 5432 | Username: postgres | Password: masterkey
2021-03-11 22:55:57|Config file in use: /mnt/data/git/sensoriando/sensoriando-MY.conf
2021-03-11 22:55:57|Database: sensoriando | Host: localhost | Port: 5432 | Username: postgres | Password: masterkey
2021-03-11 22:56:00|Config file in use: /mnt/data/git/sensoriando/sensoriando-MY.conf
2021-03-11 22:56:00|Database: sensoriando | Host: localhost | Port: 5432 | Username: postgres | Password: masterkey
2021-03-11 22:56:00|Config file in use: /mnt/data/git/sensoriando/sensoriando-MY.conf
2021-03-11 22:56:00|Database: sensoriando | Host: localhost | Port: 5432 | Username: postgres | Password: masterkey
2021-03-11 22:56:01|Config file in use: /mnt/data/git/sensoriando/sensoriando-MY.conf
2021-03-11 22:56:01|Database: sensoriando | Host: localhost | Port: 5432 | Username: postgres | Password: masterkey
2021-03-11 22:56:02|Config file in use: /mnt/data/git/sensoriando/sensoriando-MY.conf
2021-03-11 22:56:02|Database: sensoriando | Host: localhost | Port: 5432 | Username: postgres | Password: masterkey
2021-03-11 22:56:02|Config file in use: /mnt/data/git/sensoriando/sensoriando-MY.conf
2021-03-11 22:56:02|Database: sensoriando | Host: localhost | Port: 5432 | Username: postgres | Password: masterkey
2021-03-11 22:56:03|Config file in use: /mnt/data/git/sensoriando/sensoriando-MY.conf
2021-03-11 22:56:03|Database: sensoriando | Host: localhost | Port: 5432 | Username: postgres | Password: masterkey
2021-03-11 22:56:03|Config file in use: /mnt/data/git/sensoriando/sensoriando-MY.conf
2021-03-11 22:56:03|Database: sensoriando | Host: localhost | Port: 5432 | Username: postgres | Password: masterkey
2021-03-11 22:56:04|Config file in use: /mnt/data/git/sensoriando/sensoriando-MY.conf
2021-03-11 22:56:04|Database: sensoriando | Host: localhost | Port: 5432 | Username: postgres | Password: masterkey
2021-03-11 22:56:08|Config file in use: /mnt/data/git/sensoriando/sensoriando-MY.conf
2021-03-11 22:56:08|Database: sensoriando | Host: localhost | Port: 5432 | Username: postgres | Password: masterkey
2021-03-11 22:56:08|Config file in use: /mnt/data/git/sensoriando/sensoriando-MY.conf
2021-03-11 22:56:08|Database: sensoriando | Host: localhost | Port: 5432 | Username: postgres | Password: masterkey
2021-03-11 22:56:09|Config file in use: /mnt/data/git/sensoriando/sensoriando-MY.conf
2021-03-11 22:56:09|Database: sensoriando | Host: localhost | Port: 5432 | Username: postgres | Password: masterkey
2021-03-11 22:56:09|Config file in use: /mnt/data/git/sensoriando/sensoriando-MY.conf
2021-03-11 22:56:09|Database: sensoriando | Host: localhost | Port: 5432 | Username: postgres | Password: masterkey
2021-03-11 22:56:10|Config file in use: /mnt/data/git/sensoriando/sensoriando-MY.conf
2021-03-11 22:56:10|Database: sensoriando | Host: localhost | Port: 5432 | Username: postgres | Password: masterkey
2021-03-11 22:56:10|Config file in use: /mnt/data/git/sensoriando/sensoriando-MY.conf
2021-03-11 22:56:10|Database: sensoriando | Host: localhost | Port: 5432 | Username: postgres | Password: masterkey
2021-03-11 23:00:07|Config file in use: /mnt/data/git/sensoriando/sensoriando-MY.conf
2021-03-11 23:00:07|Database: sensoriando | Host: localhost | Port: 5432 | Username: postgres | Password: masterkey
2021-03-11 23:00:36|Config file in use: /mnt/data/git/sensoriando/sensoriando-MY.conf
2021-03-11 23:00:36|Database: sensoriando | Host: localhost | Port: 5432 | Username: postgres | Password: masterkey
2021-03-11 23:02:11|Config file in use: /mnt/data/git/sensoriando/sensoriando-MY.conf
2021-03-11 23:02:11|Database: sensoriando | Host: localhost | Port: 5432 | Username: postgres | Password: masterkey
2021-03-11 23:02:12|Config file in use: /mnt/data/git/sensoriando/sensoriando-MY.conf
2021-03-11 23:02:12|Database: sensoriando | Host: localhost | Port: 5432 | Username: postgres | Password: masterkey
2021-03-11 23:02:12|Config file in use: /mnt/data/git/sensoriando/sensoriando-MY.conf
2021-03-11 23:02:12|Database: sensoriando | Host: localhost | Port: 5432 | Username: postgres | Password: masterkey
2021-03-11 23:02:13|Config file in use: /mnt/data/git/sensoriando/sensoriando-MY.conf
2021-03-11 23:02:13|Database: sensoriando | Host: localhost | Port: 5432 | Username: postgres | Password: masterkey
2021-03-11 23:02:28|Config file in use: /mnt/data/git/sensoriando/sensoriando-MY.conf
2021-03-11 23:02:28|Database: sensoriando | Host: localhost | Port: 5432 | Username: postgres | Password: masterkey
2021-03-12 09:41:26|Config file in use: /mnt/data/git/sensoriando/sensoriando-MY.conf
2021-03-12 09:41:27|Database: sensoriando | Host: localhost | Port: 5432 | Username: postgres | Password: masterkey
2021-03-12 09:51:56|Config file in use: /mnt/data/git/sensoriando/sensoriando.conf
2021-03-12 09:51:56|Database: sensoriando | Host: localhost | Port: 5432 | Username: postgres | Password: 
2021-03-12 09:51:56|Create database... 
2021-03-12 09:51:57|Creating tables from /mnt/data/git/sensoriando/db/tables.sql OK
2021-03-12 09:51:57|Creating views from /mnt/data/git/sensoriando/db/views.sql OK
2021-03-12 09:51:57|Insert records from /mnt/data/git/sensoriando/db/inserts.sql: OK
2021-03-12 09:51:57|Creating procedures from /mnt/data/git/sensoriando/db/procedures.sql OK
2021-03-12 09:51:57|Creating functions from /mnt/data/git/sensoriando/db/functions.sql OK
2021-03-12 09:51:57|Creating triggers from /mnt/data/git/sensoriando/db/triggers.sql OK
2021-03-12 09:52:00|Config file in use: /mnt/data/git/sensoriando/sensoriando.conf
2021-03-12 09:52:00|Database: sensoriando | Host: localhost | Port: 5432 | Username: postgres | Password: 
2021-03-12 09:52:00|Create database... 
2021-03-12 09:52:00|Creating tables from /mnt/data/git/sensoriando/db/tables.sql OK
2021-03-12 09:52:00|Creating views from /mnt/data/git/sensoriando/db/views.sql OK
2021-03-12 09:52:00|Insert records from /mnt/data/git/sensoriando/db/inserts.sql: OK
2021-03-12 09:52:00|Creating procedures from /mnt/data/git/sensoriando/db/procedures.sql OK
2021-03-12 09:52:00|Creating functions from /mnt/data/git/sensoriando/db/functions.sql OK
2021-03-12 09:52:00|Creating triggers from /mnt/data/git/sensoriando/db/triggers.sql OK
